*** Using Compiler 'V5.06 update 7 (build 960)', folder: 'D:\Softwares\Keil5\ARM\ARM_Compiler_5.06u7\Bin'
Rebuild target 'TI2019D_STM32'
assembling startup_stm32f407xx.s...
compiling relay.c...
compiling stm32f4xx_ll_adc.c...
compiling stm32f4xx_hal_rcc_ex.c...
compiling gpio.c...
compiling usart.c...
compiling dma.c...
compiling main.c...
../Core/Src/main.c(52): warning:  #177-D: variable "f"  was declared but never referenced
  static uint32_t f = 1;
../Core/Src/main.c: 1 warning, 0 errors
compiling adc.c...
../Core/Src/adc.c(215): warning:  #177-D: variable "Ai"  was declared but never referenced
    uint32_t Ai = 0, Ao = 0, A = 0;
../Core/Src/adc.c(215): warning:  #177-D: variable "Ao"  was declared but never referenced
    uint32_t Ai = 0, Ao = 0, A = 0;
../Core/Src/adc.c(215): warning:  #177-D: variable "A"  was declared but never referenced
    uint32_t Ai = 0, Ao = 0, A = 0;
../Core/Src/adc.c: 3 warnings, 0 errors
compiling stm32f4xx_hal_msp.c...
compiling AD9833.c...
compiling stm32f4xx_hal_adc.c...
compiling stm32f4xx_hal_rcc.c...
compiling stm32f4xx_hal_flash.c...
compiling tim.c...
compiling dac.c...
compiling stm32f4xx_hal_flash_ramfunc.c...
compiling stm32f4xx_hal_adc_ex.c...
compiling stm32f4xx_hal_flash_ex.c...
compiling stm32f4xx_hal_dma.c...
compiling stm32f4xx_it.c...
compiling stm32f4xx_hal_gpio.c...
compiling stm32f4xx_hal.c...
compiling system_stm32f4xx.c...
compiling stm32f4xx_hal_dac_ex.c...
compiling stm32f4xx_hal_cortex.c...
compiling stm32f4xx_hal_pwr_ex.c...
compiling stm32f4xx_hal_uart.c...
compiling stm32f4xx_hal_pwr.c...
compiling stm32f4xx_hal_dma_ex.c...
compiling stm32f4xx_hal_dac.c...
compiling stm32f4xx_hal_exti.c...
compiling stm32f4xx_hal_tim_ex.c...
compiling stm32f4xx_hal_tim.c...
linking...
Program Size: Code=18080 RO-data=456 RW-data=60 ZI-data=5596  
FromELF: creating hex file...
"TI2019D_STM32\TI2019D_STM32.axf" - 0 Error(s), 4 Warning(s).
Build Time Elapsed:  00:00:14
